d:\akademik\semester 8\pemrograman gim\final project\templateproject\vs\project\release\vc142.pdb
d:\akademik\semester 8\pemrograman gim\final project\templateproject\vs\project\release\texture.obj
d:\akademik\semester 8\pemrograman gim\final project\templateproject\vs\project\release\text.obj
d:\akademik\semester 8\pemrograman gim\final project\templateproject\vs\project\release\sprite.obj
d:\akademik\semester 8\pemrograman gim\final project\templateproject\vs\project\release\sound.obj
d:\akademik\semester 8\pemrograman gim\final project\templateproject\vs\project\release\shader.obj
d:\akademik\semester 8\pemrograman gim\final project\templateproject\vs\project\release\setting.obj
d:\akademik\semester 8\pemrograman gim\final project\templateproject\vs\project\release\satcollision.obj
d:\akademik\semester 8\pemrograman gim\final project\templateproject\vs\project\release\boundingbox.obj
d:\akademik\semester 8\pemrograman gim\final project\templateproject\vs\project\release\quad.obj
d:\akademik\semester 8\pemrograman gim\final project\templateproject\vs\project\release\music.obj
d:\akademik\semester 8\pemrograman gim\final project\templateproject\vs\project\release\input.obj
d:\akademik\semester 8\pemrograman gim\final project\templateproject\vs\project\release\demo.obj
d:\akademik\semester 8\pemrograman gim\final project\templateproject\vs\project\release\game.obj
d:\akademik\semester 8\pemrograman gim\final project\templateproject\vs\release\project.exe
d:\akademik\semester 8\pemrograman gim\final project\templateproject\vs\project\release\project.ipdb
d:\akademik\semester 8\pemrograman gim\final project\templateproject\vs\project\release\project.iobj
d:\akademik\semester 8\pemrograman gim\final project\templateproject\vs\release\project.pdb
d:\akademik\semester 8\pemrograman gim\final project\templateproject\vs\project\release\project.tlog\cl.command.1.tlog
d:\akademik\semester 8\pemrograman gim\final project\templateproject\vs\project\release\project.tlog\cl.read.1.tlog
d:\akademik\semester 8\pemrograman gim\final project\templateproject\vs\project\release\project.tlog\cl.write.1.tlog
d:\akademik\semester 8\pemrograman gim\final project\templateproject\vs\project\release\project.tlog\link.command.1.tlog
d:\akademik\semester 8\pemrograman gim\final project\templateproject\vs\project\release\project.tlog\link.read.1.tlog
d:\akademik\semester 8\pemrograman gim\final project\templateproject\vs\project\release\project.tlog\link.write.1.tlog
